{"name": "test_guest_open_gifts_under_50_page_from_home_page_with_main_menu[https://qatest-dev.indvp.com/]", "status": "failed", "statusDetails": {"message": "AssertionError: 'Gifts Under £50' page didn't open! Page not found!\nassert False", "trace": "self = <test_HomePage.TestCaseGuestMainMenuGiftsDropDownItemsHomePage object at 0x000002AD9076DB90>, driver = <selenium.webdriver.chrome.webdriver.WebDriver (session=\"5ce5a425482e8d00fb3bc12e75669a3f\")>\nlink = 'https://qatest-dev.indvp.com/'\n\n    @allure.step(\"Opening 'Gifts Under £50' page from 'Home' page with 'Main Menu' 'Gifts' drop down items\")\n    def test_guest_open_gifts_under_50_page_from_home_page_with_main_menu(self, driver, link: str) -> None:\n        \"\"\"Test method. Guest can open 'Gifts Under £50' page from 'Home' page with 'Main Menu' 'Gifts'\n           drop down items\"\"\"\n        page = HomePage(driver, link)\n        page.open()\n        page.mainMenu.click_to_main_menu_gifts_drop_down_items(\"Gifts Under £50\")\n        page = GiftsUnder50Page(driver, driver.current_url)\n        result1 = page.has_opened(\"TEST PREFIX Gifts Under £50 TEST PREFIX\")\n        result2 = page.has_not_error()\n        assert result1, \"'Gifts Under £50' page didn't open! Problem in title!\"\n>       assert result2, \"'Gifts Under £50' page didn't open! Page not found!\"\nE       AssertionError: 'Gifts Under £50' page didn't open! Page not found!\nE       assert False\n\ntest_HomePage.py:748: AssertionError"}, "description": "Test method. Guest can open 'Gifts Under £50' page from 'Home' page with 'Main Menu' 'Gifts'\n           drop down items", "steps": [{"name": "Opening 'Gifts Under £50' page from 'Home' page with 'Main Menu' 'Gifts' drop down items", "status": "failed", "statusDetails": {"message": "AssertionError: 'Gifts Under £50' page didn't open! Page not found!\nassert False\n", "trace": "  File \"D:\\Code\\Python\\python-qatest-dev-indvp-com\\venv\\Lib\\site-packages\\allure_commons\\_allure.py\", line 192, in impl\n    return func(*a, **kw)\n           ^^^^^^^^^^^^^^\n  File \"D:\\Code\\Python\\python-qatest-dev-indvp-com\\test_HomePage.py\", line 748, in test_guest_open_gifts_under_50_page_from_home_page_with_main_menu\n    assert result2, \"'Gifts Under £50' page didn't open! Page not found!\"\n"}, "parameters": [{"name": "driver", "value": "<selenium.webdriver.chrome.webdriver.WebDriver (session=\"5ce5a425482e8d00fb3bc12e75669a3f\")>"}, {"name": "link", "value": "'https://qatest-dev.indvp.com/'"}], "start": 1686824359479, "stop": 1686824367354}], "parameters": [{"name": "link", "value": "'https://qatest-dev.indvp.com/'"}], "start": 1686824359479, "stop": 1686824367354, "uuid": "791fcc51-4c43-4ddb-8f0b-95d184af9a5c", "historyId": "96e02854e25b9082fa051e1411bd2db4", "testCaseId": "5b37bb268daa6898bdc27e34a9217236", "fullName": "test_HomePage.TestCaseGuestMainMenuGiftsDropDownItemsHomePage#test_guest_open_gifts_under_50_page_from_home_page_with_main_menu", "labels": [{"name": "feature", "value": "Guest can open pages from 'Home' page with 'Main Menu' 'Gifts' drop down items"}, {"name": "tag", "value": "main_menu_gifts_drop_down_items_tests"}, {"name": "tag", "value": "guest_tests"}, {"name": "suite", "value": "test_HomePage"}, {"name": "subSuite", "value": "TestCaseGuestMainMenuGiftsDropDownItemsHomePage"}, {"name": "host", "value": "BEAVERG"}, {"name": "thread", "value": "11172-MainThread"}, {"name": "framework", "value": "pytest"}, {"name": "language", "value": "cpython3"}, {"name": "package", "value": "test_HomePage"}]}