{"name": "test_guest_open_gifts_for_the_cook_and_baker_page_from_home_page_with_main_menu[https://qatest-dev.indvp.com/]", "status": "failed", "statusDetails": {"message": "AssertionError: 'Gifts For The Cook And Baker' page didn't open! Page not found!\nassert False", "trace": "self = <test_HomePage.TestCaseGuestMainMenuGiftsDropDownItemsHomePage object at 0x000002AD9075C890>, driver = <selenium.webdriver.chrome.webdriver.WebDriver (session=\"f39b0a9d71a7d6cb1d7f9d2c1ac31ca6\")>\nlink = 'https://qatest-dev.indvp.com/'\n\n    @allure.step(\"Opening 'Gifts For The Cook And Baker' page from 'Home' page with 'Main Menu' \"\n                 \"'Gifts' drop down items\")\n    def test_guest_open_gifts_for_the_cook_and_baker_page_from_home_page_with_main_menu(self, driver, link) -> None:\n        \"\"\"Test method. Guest can open 'Gifts For The Cook And Baker' page from 'Home' page with 'Main Menu' 'Gifts'\n           drop down items\"\"\"\n        page = HomePage(driver, link)\n        page.open()\n        page.mainMenu.click_to_main_menu_gifts_drop_down_items(\"Gifts For The Cook And Baker\")\n        page = GiftsForTheCookAndBakerPage(driver, driver.current_url)\n        result1 = page.has_opened(\"TEST PREFIX Gifts for the Cook & Baker TEST PREFIX\")\n        result2 = page.has_not_error()\n        assert result1, \"'Gifts For The Cook And Baker' page didn't open! Problem in title!\"\n>       assert result2, \"'Gifts For The Cook And Baker' page didn't open! Page not found!\"\nE       AssertionError: 'Gifts For The Cook And Baker' page didn't open! Page not found!\nE       assert False\n\ntest_HomePage.py:709: AssertionError"}, "description": "Test method. Guest can open 'Gifts For The Cook And Baker' page from 'Home' page with 'Main Menu' 'Gifts'\n           drop down items", "steps": [{"name": "Opening 'Gifts For The Cook And Baker' page from 'Home' page with 'Main Menu' 'Gifts' drop down items", "status": "failed", "statusDetails": {"message": "AssertionError: 'Gifts For The Cook And Baker' page didn't open! Page not found!\nassert False\n", "trace": "  File \"D:\\Code\\Python\\python-qatest-dev-indvp-com\\venv\\Lib\\site-packages\\allure_commons\\_allure.py\", line 192, in impl\n    return func(*a, **kw)\n           ^^^^^^^^^^^^^^\n  File \"D:\\Code\\Python\\python-qatest-dev-indvp-com\\test_HomePage.py\", line 709, in test_guest_open_gifts_for_the_cook_and_baker_page_from_home_page_with_main_menu\n    assert result2, \"'Gifts For The Cook And Baker' page didn't open! Page not found!\"\n"}, "parameters": [{"name": "driver", "value": "<selenium.webdriver.chrome.webdriver.WebDriver (session=\"f39b0a9d71a7d6cb1d7f9d2c1ac31ca6\")>"}, {"name": "link", "value": "'https://qatest-dev.indvp.com/'"}], "start": 1686824295917, "stop": 1686824302740}], "parameters": [{"name": "link", "value": "'https://qatest-dev.indvp.com/'"}], "start": 1686824295917, "stop": 1686824302741, "uuid": "f61d321e-7d78-477b-a8cb-bbedb0a554f7", "historyId": "3fe7764b7e12ebc415cd5a177f1a69f1", "testCaseId": "8da7d28b724bc6c67283f22ccdce52ea", "fullName": "test_HomePage.TestCaseGuestMainMenuGiftsDropDownItemsHomePage#test_guest_open_gifts_for_the_cook_and_baker_page_from_home_page_with_main_menu", "labels": [{"name": "feature", "value": "Guest can open pages from 'Home' page with 'Main Menu' 'Gifts' drop down items"}, {"name": "tag", "value": "main_menu_gifts_drop_down_items_tests"}, {"name": "tag", "value": "guest_tests"}, {"name": "suite", "value": "test_HomePage"}, {"name": "subSuite", "value": "TestCaseGuestMainMenuGiftsDropDownItemsHomePage"}, {"name": "host", "value": "BEAVERG"}, {"name": "thread", "value": "11172-MainThread"}, {"name": "framework", "value": "pytest"}, {"name": "language", "value": "cpython3"}, {"name": "package", "value": "test_HomePage"}]}