{"name": "test_guest_open_gifts_for_the_collector_page_from_home_page_with_main_menu[https://qatest-dev.indvp.com/]", "status": "failed", "statusDetails": {"message": "AssertionError: 'Gifts For The Collector' page didn't open! Page not found!\nassert False", "trace": "self = <test_HomePage.TestCaseGuestMainMenuGiftsDropDownItemsHomePage object at 0x000002AD9076E310>, driver = <selenium.webdriver.chrome.webdriver.WebDriver (session=\"5dfe66ac5bbcd4d7a5625abf7c3a38bd\")>\nlink = 'https://qatest-dev.indvp.com/'\n\n    @allure.step(\"Opening 'Gifts For The Collector' page from 'Home' page with 'Main Menu' 'Gifts' drop down items\")\n    def test_guest_open_gifts_for_the_collector_page_from_home_page_with_main_menu(self, driver, link: str) -> None:\n        \"\"\"Test method. Guest can open 'Gifts For The Collector' page from 'Home' page with 'Main Menu' 'Gifts'\n           drop down items\"\"\"\n        page = HomePage(driver, link)\n        page.open()\n        page.mainMenu.click_to_main_menu_gifts_drop_down_items(\"Gifts For The Collector\")\n        page = GiftsForTheCollectorPage(driver, driver.current_url)\n        result1 = page.has_opened(\"TEST PREFIX Gifts For The Collector TEST PREFIX\")\n        result2 = page.has_not_error()\n        assert result1, \"'Gifts For The Collector' page didn't open! Problem in title!\"\n>       assert result2, \"'Gifts For The Collector' page didn't open! Page not found!\"\nE       AssertionError: 'Gifts For The Collector' page didn't open! Page not found!\nE       assert False\n\ntest_HomePage.py:761: AssertionError"}, "description": "Test method. Guest can open 'Gifts For The Collector' page from 'Home' page with 'Main Menu' 'Gifts'\n           drop down items", "steps": [{"name": "Opening 'Gifts For The Collector' page from 'Home' page with 'Main Menu' 'Gifts' drop down items", "status": "failed", "statusDetails": {"message": "AssertionError: 'Gifts For The Collector' page didn't open! Page not found!\nassert False\n", "trace": "  File \"D:\\Code\\Python\\python-qatest-dev-indvp-com\\venv\\Lib\\site-packages\\allure_commons\\_allure.py\", line 192, in impl\n    return func(*a, **kw)\n           ^^^^^^^^^^^^^^\n  File \"D:\\Code\\Python\\python-qatest-dev-indvp-com\\test_HomePage.py\", line 761, in test_guest_open_gifts_for_the_collector_page_from_home_page_with_main_menu\n    assert result2, \"'Gifts For The Collector' page didn't open! Page not found!\"\n"}, "parameters": [{"name": "driver", "value": "<selenium.webdriver.chrome.webdriver.WebDriver (session=\"5dfe66ac5bbcd4d7a5625abf7c3a38bd\")>"}, {"name": "link", "value": "'https://qatest-dev.indvp.com/'"}], "start": 1686824370652, "stop": 1686824378653}], "parameters": [{"name": "link", "value": "'https://qatest-dev.indvp.com/'"}], "start": 1686824370652, "stop": 1686824378653, "uuid": "12182d5e-6475-4ea2-8977-57bc484207c1", "historyId": "941194a6a611f8ff0a2749f45042cb5d", "testCaseId": "3dec3d08ccfe8e56659ca6a0587d99a6", "fullName": "test_HomePage.TestCaseGuestMainMenuGiftsDropDownItemsHomePage#test_guest_open_gifts_for_the_collector_page_from_home_page_with_main_menu", "labels": [{"name": "feature", "value": "Guest can open pages from 'Home' page with 'Main Menu' 'Gifts' drop down items"}, {"name": "tag", "value": "main_menu_gifts_drop_down_items_tests"}, {"name": "tag", "value": "guest_tests"}, {"name": "suite", "value": "test_HomePage"}, {"name": "subSuite", "value": "TestCaseGuestMainMenuGiftsDropDownItemsHomePage"}, {"name": "host", "value": "BEAVERG"}, {"name": "thread", "value": "11172-MainThread"}, {"name": "framework", "value": "pytest"}, {"name": "language", "value": "cpython3"}, {"name": "package", "value": "test_HomePage"}]}